{
  "0 debug pnpm:scope": {
    "selected": 1
  },
  "1 debug pnpm:package-manifest": {
    "initial": {
      "name": "vite-project",
      "version": "0.0.0",
      "scripts": {
        "start": "vite",
        "build": "vite build",
        "serve": "vite preview"
      },
      "dependencies": {
        "@alife/sail": "^1.0.2-beta.6",
        "@alife/sail-util": "^1.0.0-beta.13",
        "@emotion/react": "^11.7.1",
        "less": "^4.1.1",
        "less-loader": "^10.0.1",
        "less-vars-to-js": "^1.3.0",
        "react": "^17.0.0",
        "react-dom": "^17.0.0",
        "styled-components": "^5.3.3",
        "styled-jsx": "^5.0.0",
        "vite-plugin-css-modules": "^0.0.1",
        "vite-plugin-imp": "^2.0.7"
      },
      "devDependencies": {
        "@vitejs/plugin-react-refresh": "^1.3.1",
        "vite": "^2.4.4"
      }
    },
    "prefix": "/Users/lihongji/study/demo-react-vite"
  },
  "2 debug pnpm:context": {
    "currentLockfileExists": false,
    "storeDir": "/Users/lihongji/.pnpm-store/v3",
    "virtualStoreDir": "/Users/lihongji/study/demo-react-vite/node_modules/.pnpm"
  },
  "3 debug pnpm:stage": {
    "prefix": "/Users/lihongji/study/demo-react-vite",
    "stage": "resolution_started"
  },
  "4 debug pnpm:_dependency_resolved": {
    "resolution": "registry.npmmirror.com/@emotion/react/11.7.1",
    "wanted": {
      "dependentId": ".",
      "name": "@emotion/react",
      "rawSpec": "^11.7.1"
    }
  },
  "5 debug pnpm:progress": {
    "packageId": "registry.npmmirror.com/@emotion/react/11.7.1",
    "requester": "/Users/lihongji/study/demo-react-vite",
    "status": "resolved"
  },
  "6 debug pnpm:_dependency_resolved": {
    "resolution": "registry.npmmirror.com/vite-plugin-imp/2.1.3",
    "wanted": {
      "dependentId": ".",
      "name": "vite-plugin-imp",
      "rawSpec": "^2.0.7"
    }
  },
  "7 debug pnpm:progress": {
    "packageId": "registry.npmmirror.com/vite-plugin-imp/2.1.3",
    "requester": "/Users/lihongji/study/demo-react-vite",
    "status": "resolved"
  },
  "8 error pnpm": {
    "code": "ERR_PNPM_FETCH_404",
    "hint": "@alife/sail-util is not in the npm registry, or you have no permission to fetch it.\n\nNo authorization header was set for the request.",
    "request": {
      "url": "https://registry.npm.taobao.org/@alife%2Fsail-util"
    },
    "response": {
      "size": 0
    },
    "pkgName": "@alife/sail-util",
    "pkgsStack": [],
    "err": {
      "name": "pnpm",
      "message": "GET https://registry.npm.taobao.org/@alife%2Fsail-util: Not Found - 404",
      "code": "ERR_PNPM_FETCH_404",
      "stack": "pnpm: GET https://registry.npm.taobao.org/@alife%2Fsail-util: Not Found - 404\n    at RetryOperation._fn (/usr/local/lib/node_modules/pnpm/dist/pnpm.cjs:85659:19)\n    at processTicksAndRejections (internal/process/task_queues.js:95:5)"
    }
  }
}